[Appium] Welcome to Appium v2.0.1
[Appium] Non-default server args:
[Appium] { basePath: [32m'/wd/hub'[39m, loglevel: [32m'info'[39m, port: [33m61280[39m }
[Appium] Attempting to load driver xcuitest...
[Appium] Attempting to load driver uiautomator2...
[Appium] Attempting to load driver flutter...
[Appium] Appium REST http interface listener started on http://0.0.0.0:61280/wd/hub
[Appium] You can provide the following URLS in your client code to connect to this server:
[Appium] 	http://127.0.0.1:61280/wd/hub (only accessible from the same host)
[Appium] 	http://192.168.225.40:61280/wd/hub
[Appium] Available drivers:
[Appium]   - xcuitest@4.35.0 (automationName 'XCUITest')
[Appium]   - uiautomator2@2.29.6 (automationName 'UiAutomator2')
[Appium]   - flutter@1.16.0 (automationName 'Flutter')
[Appium] No plugins have been installed. Use the "appium plugin" command to install the one(s) you want to use.
[38;5;0m[HTTP][0m --> GET /wd/hub/status
[38;5;0m[HTTP][0m {}
[38;5;0m[HTTP][0m <-- GET /wd/hub/status 200 3 ms - 39
[38;5;0m[HTTP][0m 
[38;5;0m[HTTP][0m --> GET /wd/hub/status
[38;5;0m[HTTP][0m {}
[38;5;0m[HTTP][0m <-- GET /wd/hub/status 200 1 ms - 39
[38;5;0m[HTTP][0m 
[38;5;0m[HTTP][0m --> POST /wd/hub/session
[38;5;0m[HTTP][0m {"desiredCapabilities":{"appium:systemPort":61310,"appium:enableImageInjection":false,"appium:newCommandTimeout":1800,"appium:automationName":"uiautomator2","appium:fullReset":false,"appium:platformVersion":"14","appium:deviceId":"","appium:noReset":true,"appium:udid":"emulator-5554","appium:autoGrantPermissions":true,"appium:platformName":"ANDROID","appium:deviceName":"emulator-5554 (sdk_gphone64_arm64 - Android 14)","platformName":"Android","appium:app":"/Users/vaibhavjain/Downloads/app-Preprod-release.apk"},"capabilities":{"firstMatch":[{"appium:app":"/Users/vaibhavjain/Downloads/app-Preprod-release.apk","appium:autoGrantPermissions":true,"appium:automationName":"uiautomator2","appium:deviceId":"","appium:deviceName":"emulator-5554 (sdk_gphone64_arm64 - Android 14)","appium:enableImageInjection":false,"appium:fullReset":false,"appium:newCommandTimeout":1800,"appium:noReset":true,"appium:platformName":"ANDROID","appium:platformVersion":"14","appium:systemPort":61310,"appium:udid":"emulator-5554","platfor...
[38;5;32m[BaseDriver][0m Ignoring capability 'appium:platformName=ANDROID' and using capability 'platformName=android'
[38;5;32m[BaseDriver][0m The capabilities ["platformName"] are standard capabilities and do not require "appium:" prefix
[Appium] Attempting to find matching driver for automationName 'uiautomator2' and platformName 'android'
[Appium] The 'uiautomator2' driver was installed and matched caps.
[Appium] Will require it at /Users/vaibhavjain/.appium/node_modules/appium-uiautomator2-driver
[38;5;16m[AppiumDriver@6080][0m Appium v2.0.1 creating new AndroidUiautomator2Driver (v2.29.6) session
[38;5;16m[AppiumDriver@6080][0m Checking BaseDriver versions for Appium and AndroidUiautomator2Driver
[38;5;16m[AppiumDriver@6080][0m Appium's BaseDriver version is 9.3.20
[38;5;16m[AppiumDriver@6080][0m AndroidUiautomator2Driver's BaseDriver version is 9.3.20
[38;5;48m[AndroidUiautomator2Driver@ebfc][0m The following capabilities were provided, but are not recognized by Appium:
[38;5;48m[AndroidUiautomator2Driver@ebfc][0m   deviceId
[38;5;48m[AndroidUiautomator2Driver@ebfc][0m   deviceName
[38;5;48m[AndroidUiautomator2Driver@ebfc][0m   enableImageInjection
[38;5;48m[AndroidUiautomator2Driver@ebfc (4a2e7095)][0m Session created with session id: 4a2e7095-799c-42e6-bf01-f005144aab13
[38;5;32m[BaseDriver][0m Using local app '/Users/vaibhavjain/Downloads/app-Preprod-release.apk'
[38;5;64m[ADB][0m Found 1 'build-tools' folders under '/Users/vaibhavjain/.katalon/tools/android_sdk' (newest first):
[38;5;64m[ADB][0m     /Users/vaibhavjain/.katalon/tools/android_sdk/build-tools/29.0.3
[38;5;64m[ADB][0m Using 'adb' from '/Users/vaibhavjain/.katalon/tools/android_sdk/platform-tools/adb'
[38;5;80m[AndroidDriver][0m Retrieving device list
[38;5;80m[AndroidDriver][0m Using device: emulator-5554
[38;5;64m[ADB][0m Using 'adb' from '/Users/vaibhavjain/.katalon/tools/android_sdk/platform-tools/adb'
[38;5;64m[ADB][0m Getting device platform version
[38;5;48m[AndroidUiautomator2Driver@ebfc (4a2e7095)][0m Relaxing hidden api policy
[38;5;64m[ADB][0m Package name: 'com.bitabiz.preprod'
[38;5;64m[ADB][0m Main activity name: 'com.bitabiz.MainActivity'
[38;5;64m[ADB][0m Using 'apksigner.jar' from '/Users/vaibhavjain/.katalon/tools/android_sdk/build-tools/29.0.3/lib/apksigner.jar'
[38;5;64m[ADB][0m '/Users/vaibhavjain/.appium/node_modules/appium-uiautomator2-driver/node_modules/appium-uiautomator2-server/apks/appium-uiautomator2-server-debug-androidTest.apk' is signed with the default certificate
[38;5;64m[ADB][0m '/Users/vaibhavjain/.appium/node_modules/appium-uiautomator2-driver/node_modules/appium-uiautomator2-server/apks/appium-uiautomator2-server-v5.12.5.apk' is signed with the default certificate
[38;5;48m[AndroidUiautomator2Driver@ebfc (4a2e7095)][0m Server packages are not going to be (re)installed
[38;5;64m[ADB][0m Adding packages ["io.appium.settings","io.appium.uiautomator2.server","io.appium.uiautomator2.server.test"] to Doze whitelist
[38;5;64m[ADB][0m '/Users/vaibhavjain/Downloads/app-Preprod-release.apk' is signed with a non-default certificate
[38;5;64m[ADB][0m The application at '/Users/vaibhavjain/Downloads/app-Preprod-release.apk' will not be cached, because the device under test has confirmed the support of streamed installs
[38;5;64m[ADB][0m The installation of 'app-Preprod-release.apk' took 2063ms
[38;5;48m[AndroidUiautomator2Driver@ebfc (4a2e7095)][0m Starting UIAutomator2 server 5.12.5
[38;5;48m[AndroidUiautomator2Driver@ebfc (4a2e7095)][0m Using UIAutomator2 server from '/Users/vaibhavjain/.appium/node_modules/appium-uiautomator2-driver/node_modules/appium-uiautomator2-server/apks/appium-uiautomator2-server-v5.12.5.apk' and test from '/Users/vaibhavjain/.appium/node_modules/appium-uiautomator2-driver/node_modules/appium-uiautomator2-server/apks/appium-uiautomator2-server-debug-androidTest.apk'
[38;5;48m[AndroidUiautomator2Driver@ebfc (4a2e7095)][0m Waiting up to 30000ms for UiAutomator2 to be online...
[38;5;48m[AndroidUiautomator2Driver@ebfc (4a2e7095)][0m socket hang up
[38;5;48m[AndroidUiautomator2Driver@ebfc (4a2e7095)][0m socket hang up
[38;5;48m[AndroidUiautomator2Driver@ebfc (4a2e7095)][0m socket hang up
[38;5;48m[AndroidUiautomator2Driver@ebfc (4a2e7095)][0m Determined the downstream protocol as 'W3C'
[38;5;80m[AndroidDriver][0m Screen already unlocked, doing nothing
[38;5;48m[AndroidUiautomator2Driver@ebfc (4a2e7095)][0m Starting 'com.bitabiz.preprod/com.bitabiz.MainActivity and waiting for 'com.bitabiz.preprod/com.bitabiz.MainActivity'
[38;5;16m[AppiumDriver@6080][0m New AndroidUiautomator2Driver session created successfully, session 4a2e7095-799c-42e6-bf01-f005144aab13 added to master session list
[38;5;0m[HTTP][0m <-- POST /wd/hub/session 200 12898 ms - 1307
[38;5;0m[HTTP][0m 
[38;5;0m[HTTP][0m --> GET /wd/hub/session/4a2e7095-799c-42e6-bf01-f005144aab13
[38;5;0m[HTTP][0m {}
[38;5;0m[HTTP][0m <-- GET /wd/hub/session/4a2e7095-799c-42e6-bf01-f005144aab13 200 14 ms - 1261
[38;5;0m[HTTP][0m 
[38;5;0m[HTTP][0m --> GET /wd/hub/session/4a2e7095-799c-42e6-bf01-f005144aab13
[38;5;0m[HTTP][0m {}
[38;5;0m[HTTP][0m <-- GET /wd/hub/session/4a2e7095-799c-42e6-bf01-f005144aab13 200 15 ms - 1261
[38;5;0m[HTTP][0m 
[38;5;0m[HTTP][0m --> GET /wd/hub/status
[38;5;0m[HTTP][0m {}
[38;5;0m[HTTP][0m <-- GET /wd/hub/status 200 1 ms - 39
[38;5;0m[HTTP][0m 
[38;5;0m[HTTP][0m --> POST /wd/hub/session/4a2e7095-799c-42e6-bf01-f005144aab13/timeouts
[38;5;0m[HTTP][0m {"implicit":60000}
[38;5;0m[HTTP][0m <-- POST /wd/hub/session/4a2e7095-799c-42e6-bf01-f005144aab13/timeouts 200 2 ms - 14
[38;5;0m[HTTP][0m 
[38;5;0m[HTTP][0m --> GET /wd/hub/session/4a2e7095-799c-42e6-bf01-f005144aab13/source
[38;5;0m[HTTP][0m {}
[38;5;48m[AndroidUiautomator2Driver@ebfc (4a2e7095)][0m Driver proxy active, passing request on via HTTP proxy
[38;5;48m[AndroidUiautomator2Driver@ebfc (4a2e7095)][0m Replacing sessionId 4867c87e-0a3a-418b-8582-fb430706bade with 4a2e7095-799c-42e6-bf01-f005144aab13
[38;5;0m[HTTP][0m <-- GET /wd/hub/session/4a2e7095-799c-42e6-bf01-f005144aab13/source 200 1429 ms - 8366
[38;5;0m[HTTP][0m 
[38;5;0m[HTTP][0m --> GET /wd/hub/session/4a2e7095-799c-42e6-bf01-f005144aab13/screenshot
[38;5;0m[HTTP][0m {}
[38;5;0m[HTTP][0m <-- GET /wd/hub/session/4a2e7095-799c-42e6-bf01-f005144aab13/screenshot 200 342 ms - 39176
[38;5;0m[HTTP][0m 
[38;5;0m[HTTP][0m --> GET /wd/hub/session/4a2e7095-799c-42e6-bf01-f005144aab13/source
[38;5;0m[HTTP][0m {}
[38;5;48m[AndroidUiautomator2Driver@ebfc (4a2e7095)][0m Driver proxy active, passing request on via HTTP proxy
[38;5;48m[AndroidUiautomator2Driver@ebfc (4a2e7095)][0m Replacing sessionId 4867c87e-0a3a-418b-8582-fb430706bade with 4a2e7095-799c-42e6-bf01-f005144aab13
[38;5;0m[HTTP][0m <-- GET /wd/hub/session/4a2e7095-799c-42e6-bf01-f005144aab13/source 200 132 ms - 20412
[38;5;0m[HTTP][0m 
[38;5;0m[HTTP][0m --> GET /wd/hub/session/4a2e7095-799c-42e6-bf01-f005144aab13/screenshot
[38;5;0m[HTTP][0m {}
[38;5;0m[HTTP][0m <-- GET /wd/hub/session/4a2e7095-799c-42e6-bf01-f005144aab13/screenshot 200 340 ms - 125940
[38;5;0m[HTTP][0m 
[38;5;0m[HTTP][0m --> GET /wd/hub/session/4a2e7095-799c-42e6-bf01-f005144aab13/source
[38;5;0m[HTTP][0m {}
[38;5;48m[AndroidUiautomator2Driver@ebfc (4a2e7095)][0m Driver proxy active, passing request on via HTTP proxy
[38;5;48m[AndroidUiautomator2Driver@ebfc (4a2e7095)][0m Replacing sessionId 4867c87e-0a3a-418b-8582-fb430706bade with 4a2e7095-799c-42e6-bf01-f005144aab13
[38;5;0m[HTTP][0m <-- GET /wd/hub/session/4a2e7095-799c-42e6-bf01-f005144aab13/source 200 63 ms - 5645
[38;5;0m[HTTP][0m 
[38;5;0m[HTTP][0m --> GET /wd/hub/session/4a2e7095-799c-42e6-bf01-f005144aab13/screenshot
[38;5;0m[HTTP][0m {}
[38;5;0m[HTTP][0m <-- GET /wd/hub/session/4a2e7095-799c-42e6-bf01-f005144aab13/screenshot 200 509 ms - 190608
[38;5;0m[HTTP][0m 
[38;5;0m[HTTP][0m --> GET /wd/hub/session/4a2e7095-799c-42e6-bf01-f005144aab13/source
[38;5;0m[HTTP][0m {}
[38;5;48m[AndroidUiautomator2Driver@ebfc (4a2e7095)][0m Driver proxy active, passing request on via HTTP proxy
[38;5;48m[AndroidUiautomator2Driver@ebfc (4a2e7095)][0m Replacing sessionId 4867c87e-0a3a-418b-8582-fb430706bade with 4a2e7095-799c-42e6-bf01-f005144aab13
[38;5;0m[HTTP][0m <-- GET /wd/hub/session/4a2e7095-799c-42e6-bf01-f005144aab13/source 200 112 ms - 26828
[38;5;0m[HTTP][0m 
[38;5;0m[HTTP][0m --> GET /wd/hub/session/4a2e7095-799c-42e6-bf01-f005144aab13/screenshot
[38;5;0m[HTTP][0m {}
[38;5;0m[HTTP][0m <-- GET /wd/hub/session/4a2e7095-799c-42e6-bf01-f005144aab13/screenshot 200 329 ms - 190608
[38;5;0m[HTTP][0m 
[38;5;0m[HTTP][0m --> POST /wd/hub/session/4a2e7095-799c-42e6-bf01-f005144aab13/elements
[38;5;0m[HTTP][0m {"using":"xpath","value":"//*[@class = 'android.view.View' and (@text = 'From date' or . = 'From date') and @resource-id = 'regis-widget-calendar-date-from date-label']"}
[38;5;0m[HTTP][0m <-- POST /wd/hub/session/4a2e7095-799c-42e6-bf01-f005144aab13/elements 200 547 ms - 139
[38;5;0m[HTTP][0m 
[38;5;0m[HTTP][0m --> POST /wd/hub/session/4a2e7095-799c-42e6-bf01-f005144aab13/timeouts
[38;5;0m[HTTP][0m {"implicit":1000}
[38;5;0m[HTTP][0m <-- POST /wd/hub/session/4a2e7095-799c-42e6-bf01-f005144aab13/timeouts 200 2 ms - 14
[38;5;0m[HTTP][0m 
[38;5;0m[HTTP][0m --> POST /wd/hub/session/4a2e7095-799c-42e6-bf01-f005144aab13/elements
[38;5;0m[HTTP][0m {"using":"xpath","value":"//*[@class = 'android.view.View' and (@text = 'From date' or . = 'From date')]//following-sibling::android.view.View"}
[38;5;0m[HTTP][0m <-- POST /wd/hub/session/4a2e7095-799c-42e6-bf01-f005144aab13/elements 200 138 ms - 139
[38;5;0m[HTTP][0m 
[38;5;0m[HTTP][0m --> GET /wd/hub/session/4a2e7095-799c-42e6-bf01-f005144aab13/element/00000000-0000-0115-0000-006600000161/location
[38;5;0m[HTTP][0m {}
[38;5;48m[AndroidUiautomator2Driver@ebfc (4a2e7095)][0m Driver proxy active, passing request on via HTTP proxy
[38;5;48m[AndroidUiautomator2Driver@ebfc (4a2e7095)][0m Replacing sessionId 4867c87e-0a3a-418b-8582-fb430706bade with 4a2e7095-799c-42e6-bf01-f005144aab13
[38;5;0m[HTTP][0m <-- GET /wd/hub/session/4a2e7095-799c-42e6-bf01-f005144aab13/element/00000000-0000-0115-0000-006600000161/location 200 28 ms - 78
[38;5;0m[HTTP][0m 
[38;5;0m[HTTP][0m --> GET /wd/hub/session/4a2e7095-799c-42e6-bf01-f005144aab13/element/00000000-0000-0115-0000-006600000161/size
[38;5;0m[HTTP][0m {}
[38;5;48m[AndroidUiautomator2Driver@ebfc (4a2e7095)][0m Driver proxy active, passing request on via HTTP proxy
[38;5;48m[AndroidUiautomator2Driver@ebfc (4a2e7095)][0m Replacing sessionId 4867c87e-0a3a-418b-8582-fb430706bade with 4a2e7095-799c-42e6-bf01-f005144aab13
[38;5;0m[HTTP][0m <-- GET /wd/hub/session/4a2e7095-799c-42e6-bf01-f005144aab13/element/00000000-0000-0115-0000-006600000161/size 200 10 ms - 87
[38;5;0m[HTTP][0m 
[38;5;0m[HTTP][0m --> POST /wd/hub/session/4a2e7095-799c-42e6-bf01-f005144aab13/timeouts
[38;5;0m[HTTP][0m {"implicit":1000}
[38;5;0m[HTTP][0m <-- POST /wd/hub/session/4a2e7095-799c-42e6-bf01-f005144aab13/timeouts 200 1 ms - 14
[38;5;0m[HTTP][0m 
[38;5;0m[HTTP][0m --> POST /wd/hub/session/4a2e7095-799c-42e6-bf01-f005144aab13/elements
[38;5;0m[HTTP][0m {"using":"xpath","value":"//*[@class = 'android.view.View' and (@text = 'From date' or . = 'From date')]//following-sibling::android.view.View"}
[38;5;0m[HTTP][0m <-- POST /wd/hub/session/4a2e7095-799c-42e6-bf01-f005144aab13/elements 200 121 ms - 139
[38;5;0m[HTTP][0m 
[38;5;0m[HTTP][0m --> GET /wd/hub/session/4a2e7095-799c-42e6-bf01-f005144aab13/element/00000000-0000-0115-0000-006600000161/location
[38;5;0m[HTTP][0m {}
[38;5;48m[AndroidUiautomator2Driver@ebfc (4a2e7095)][0m Driver proxy active, passing request on via HTTP proxy
[38;5;48m[AndroidUiautomator2Driver@ebfc (4a2e7095)][0m Replacing sessionId 4867c87e-0a3a-418b-8582-fb430706bade with 4a2e7095-799c-42e6-bf01-f005144aab13
[38;5;0m[HTTP][0m <-- GET /wd/hub/session/4a2e7095-799c-42e6-bf01-f005144aab13/element/00000000-0000-0115-0000-006600000161/location 200 10 ms - 78
[38;5;0m[HTTP][0m 
[38;5;0m[HTTP][0m --> GET /wd/hub/session/4a2e7095-799c-42e6-bf01-f005144aab13/element/00000000-0000-0115-0000-006600000161/size
[38;5;0m[HTTP][0m {}
[38;5;48m[AndroidUiautomator2Driver@ebfc (4a2e7095)][0m Driver proxy active, passing request on via HTTP proxy
[38;5;48m[AndroidUiautomator2Driver@ebfc (4a2e7095)][0m Replacing sessionId 4867c87e-0a3a-418b-8582-fb430706bade with 4a2e7095-799c-42e6-bf01-f005144aab13
[38;5;0m[HTTP][0m <-- GET /wd/hub/session/4a2e7095-799c-42e6-bf01-f005144aab13/element/00000000-0000-0115-0000-006600000161/size 200 8 ms - 87
[38;5;0m[HTTP][0m 
[38;5;0m[HTTP][0m --> DELETE /wd/hub/session/4a2e7095-799c-42e6-bf01-f005144aab13
[38;5;0m[HTTP][0m {}
[38;5;16m[AppiumDriver@6080][0m Removing session 4a2e7095-799c-42e6-bf01-f005144aab13 from our master session list
[38;5;48m[AndroidUiautomator2Driver@ebfc (4a2e7095)][0m Restoring hidden api policy to the device default configuration
[38;5;0m[HTTP][0m <-- DELETE /wd/hub/session/4a2e7095-799c-42e6-bf01-f005144aab13 200 219 ms - 14
[38;5;0m[HTTP][0m 
[Appium] Received SIGTERM - shutting down
[38;5;0m[HTTP][0m Waiting until the server is closed
[38;5;0m[HTTP][0m Received server close event
